{"C:\\Work\\test\\todos\\src\\hooks\\todosReducer.ts": {"path":"C:\\Work\\test\\todos\\src\\hooks\\todosReducer.ts","all":false,"statementMap":{"0":{"start":{"line":1,"column":0},"end":{"line":1,"column":51}},"1":{"start":{"line":2,"column":0},"end":{"line":2,"column":0}},"2":{"start":{"line":3,"column":0},"end":{"line":3,"column":54}},"3":{"start":{"line":4,"column":0},"end":{"line":4,"column":0}},"4":{"start":{"line":5,"column":0},"end":{"line":5,"column":20}},"5":{"start":{"line":6,"column":0},"end":{"line":6,"column":31}},"6":{"start":{"line":7,"column":0},"end":{"line":7,"column":34}},"7":{"start":{"line":8,"column":0},"end":{"line":8,"column":34}},"8":{"start":{"line":9,"column":0},"end":{"line":9,"column":47}},"9":{"start":{"line":10,"column":0},"end":{"line":10,"column":45}},"10":{"start":{"line":11,"column":0},"end":{"line":11,"column":30}},"11":{"start":{"line":12,"column":0},"end":{"line":12,"column":42}},"12":{"start":{"line":13,"column":0},"end":{"line":13,"column":0}},"13":{"start":{"line":14,"column":0},"end":{"line":14,"column":64}},"14":{"start":{"line":15,"column":0},"end":{"line":15,"column":0}},"15":{"start":{"line":16,"column":0},"end":{"line":16,"column":62}},"16":{"start":{"line":17,"column":0},"end":{"line":17,"column":24}},"17":{"start":{"line":18,"column":0},"end":{"line":18,"column":15}},"18":{"start":{"line":19,"column":0},"end":{"line":19,"column":64}},"19":{"start":{"line":20,"column":0},"end":{"line":20,"column":18}},"20":{"start":{"line":21,"column":0},"end":{"line":21,"column":14}},"21":{"start":{"line":22,"column":0},"end":{"line":22,"column":17}},"22":{"start":{"line":23,"column":0},"end":{"line":23,"column":40}},"23":{"start":{"line":24,"column":0},"end":{"line":24,"column":80}},"24":{"start":{"line":25,"column":0},"end":{"line":25,"column":10}},"25":{"start":{"line":26,"column":0},"end":{"line":26,"column":8}},"26":{"start":{"line":27,"column":0},"end":{"line":27,"column":18}},"27":{"start":{"line":28,"column":0},"end":{"line":28,"column":80}},"28":{"start":{"line":29,"column":0},"end":{"line":29,"column":18}},"29":{"start":{"line":30,"column":0},"end":{"line":30,"column":40}},"30":{"start":{"line":31,"column":0},"end":{"line":31,"column":18}},"31":{"start":{"line":32,"column":0},"end":{"line":32,"column":11}},"32":{"start":{"line":33,"column":0},"end":{"line":33,"column":21}},"33":{"start":{"line":34,"column":0},"end":{"line":34,"column":44}},"34":{"start":{"line":35,"column":0},"end":{"line":35,"column":63}},"35":{"start":{"line":36,"column":0},"end":{"line":36,"column":14}},"36":{"start":{"line":37,"column":0},"end":{"line":37,"column":11}},"37":{"start":{"line":38,"column":0},"end":{"line":38,"column":11}},"38":{"start":{"line":39,"column":0},"end":{"line":39,"column":21}},"39":{"start":{"line":40,"column":0},"end":{"line":40,"column":71}},"40":{"start":{"line":41,"column":0},"end":{"line":41,"column":12}},"41":{"start":{"line":42,"column":0},"end":{"line":42,"column":5}},"42":{"start":{"line":43,"column":0},"end":{"line":43,"column":21}},"43":{"start":{"line":44,"column":0},"end":{"line":44,"column":14}},"44":{"start":{"line":45,"column":0},"end":{"line":45,"column":17}},"45":{"start":{"line":46,"column":0},"end":{"line":46,"column":43}},"46":{"start":{"line":47,"column":0},"end":{"line":47,"column":18}},"47":{"start":{"line":48,"column":0},"end":{"line":48,"column":38}},"48":{"start":{"line":49,"column":0},"end":{"line":49,"column":12}},"49":{"start":{"line":50,"column":0},"end":{"line":50,"column":8}},"50":{"start":{"line":51,"column":0},"end":{"line":51,"column":26}},"51":{"start":{"line":52,"column":0},"end":{"line":52,"column":80}},"52":{"start":{"line":53,"column":0},"end":{"line":53,"column":21}},"53":{"start":{"line":54,"column":0},"end":{"line":54,"column":49}},"54":{"start":{"line":55,"column":0},"end":{"line":55,"column":12}},"55":{"start":{"line":56,"column":0},"end":{"line":56,"column":19}},"56":{"start":{"line":57,"column":0},"end":{"line":57,"column":3}},"57":{"start":{"line":58,"column":0},"end":{"line":58,"column":1}}},"s":{"0":1,"1":1,"2":1,"3":1,"4":1,"5":1,"6":1,"7":1,"8":1,"9":1,"10":1,"11":1,"12":1,"13":1,"14":1,"15":13,"16":13,"17":13,"18":7,"19":13,"20":1,"21":1,"22":1,"23":2,"24":1,"25":13,"26":13,"27":1,"28":13,"29":1,"30":1,"31":1,"32":1,"33":1,"34":1,"35":1,"36":1,"37":1,"38":0,"39":0,"40":1,"41":1,"42":13,"43":1,"44":1,"45":1,"46":2,"47":2,"48":1,"49":13,"50":13,"51":1,"52":13,"53":1,"54":13,"55":0,"56":13,"57":13},"branchMap":{"0":{"type":"branch","line":16,"loc":{"start":{"line":16,"column":0},"end":{"line":58,"column":1}},"locations":[{"start":{"line":16,"column":0},"end":{"line":58,"column":1}}]},"1":{"type":"branch","line":18,"loc":{"start":{"line":18,"column":4},"end":{"line":19,"column":64}},"locations":[{"start":{"line":18,"column":4},"end":{"line":19,"column":64}}]},"2":{"type":"branch","line":20,"loc":{"start":{"line":20,"column":4},"end":{"line":25,"column":10}},"locations":[{"start":{"line":20,"column":4},"end":{"line":25,"column":10}}]},"3":{"type":"branch","line":27,"loc":{"start":{"line":27,"column":4},"end":{"line":28,"column":80}},"locations":[{"start":{"line":27,"column":4},"end":{"line":28,"column":80}}]},"4":{"type":"branch","line":29,"loc":{"start":{"line":29,"column":4},"end":{"line":42,"column":5}},"locations":[{"start":{"line":29,"column":4},"end":{"line":42,"column":5}}]},"5":{"type":"branch","line":38,"loc":{"start":{"line":38,"column":8},"end":{"line":40,"column":71}},"locations":[{"start":{"line":38,"column":8},"end":{"line":40,"column":71}}]},"6":{"type":"branch","line":43,"loc":{"start":{"line":43,"column":4},"end":{"line":49,"column":12}},"locations":[{"start":{"line":43,"column":4},"end":{"line":49,"column":12}}]},"7":{"type":"branch","line":51,"loc":{"start":{"line":51,"column":4},"end":{"line":52,"column":80}},"locations":[{"start":{"line":51,"column":4},"end":{"line":52,"column":80}}]},"8":{"type":"branch","line":53,"loc":{"start":{"line":53,"column":4},"end":{"line":54,"column":49}},"locations":[{"start":{"line":53,"column":4},"end":{"line":54,"column":49}}]},"9":{"type":"branch","line":55,"loc":{"start":{"line":55,"column":4},"end":{"line":56,"column":19}},"locations":[{"start":{"line":55,"column":4},"end":{"line":56,"column":19}}]},"10":{"type":"branch","line":23,"loc":{"start":{"line":23,"column":31},"end":{"line":24,"column":80}},"locations":[{"start":{"line":23,"column":31},"end":{"line":24,"column":80}}]},"11":{"type":"branch","line":24,"loc":{"start":{"line":24,"column":32},"end":{"line":24,"column":74}},"locations":[{"start":{"line":24,"column":32},"end":{"line":24,"column":74}}]},"12":{"type":"branch","line":24,"loc":{"start":{"line":24,"column":74},"end":{"line":24,"column":80}},"locations":[{"start":{"line":24,"column":74},"end":{"line":24,"column":80}}]},"13":{"type":"branch","line":28,"loc":{"start":{"line":28,"column":51},"end":{"line":28,"column":76}},"locations":[{"start":{"line":28,"column":51},"end":{"line":28,"column":76}}]},"14":{"type":"branch","line":34,"loc":{"start":{"line":34,"column":35},"end":{"line":35,"column":63}},"locations":[{"start":{"line":34,"column":35},"end":{"line":35,"column":63}}]},"15":{"type":"branch","line":35,"loc":{"start":{"line":35,"column":57},"end":{"line":35,"column":63}},"locations":[{"start":{"line":35,"column":57},"end":{"line":35,"column":63}}]},"16":{"type":"branch","line":46,"loc":{"start":{"line":46,"column":31},"end":{"line":48,"column":38}},"locations":[{"start":{"line":46,"column":31},"end":{"line":48,"column":38}}]},"17":{"type":"branch","line":52,"loc":{"start":{"line":52,"column":51},"end":{"line":52,"column":76}},"locations":[{"start":{"line":52,"column":51},"end":{"line":52,"column":76}}]}},"b":{"0":[13],"1":[7],"2":[1],"3":[1],"4":[1],"5":[0],"6":[1],"7":[1],"8":[1],"9":[0],"10":[2],"11":[1],"12":[1],"13":[2],"14":[1],"15":[0],"16":[2],"17":[2]},"fnMap":{"0":{"name":"reducer","decl":{"start":{"line":16,"column":0},"end":{"line":58,"column":1}},"loc":{"start":{"line":16,"column":0},"end":{"line":58,"column":1}},"line":16}},"f":{"0":13}}
,"C:\\Work\\test\\todos\\src\\hooks\\useTodos.ts": {"path":"C:\\Work\\test\\todos\\src\\hooks\\useTodos.ts","all":false,"statementMap":{"0":{"start":{"line":1,"column":0},"end":{"line":1,"column":55}},"1":{"start":{"line":2,"column":0},"end":{"line":2,"column":51}},"2":{"start":{"line":3,"column":0},"end":{"line":3,"column":67}},"3":{"start":{"line":4,"column":0},"end":{"line":4,"column":0}},"4":{"start":{"line":5,"column":0},"end":{"line":5,"column":32}},"5":{"start":{"line":6,"column":0},"end":{"line":6,"column":0}},"6":{"start":{"line":7,"column":0},"end":{"line":7,"column":70}},"7":{"start":{"line":8,"column":0},"end":{"line":8,"column":39}},"8":{"start":{"line":9,"column":0},"end":{"line":9,"column":12}},"9":{"start":{"line":10,"column":0},"end":{"line":10,"column":25}},"10":{"start":{"line":11,"column":0},"end":{"line":11,"column":20}},"11":{"start":{"line":12,"column":0},"end":{"line":12,"column":11}},"12":{"start":{"line":13,"column":0},"end":{"line":13,"column":54}},"13":{"start":{"line":14,"column":0},"end":{"line":14,"column":18}},"14":{"start":{"line":15,"column":0},"end":{"line":15,"column":62}},"15":{"start":{"line":16,"column":0},"end":{"line":16,"column":22}},"16":{"start":{"line":17,"column":0},"end":{"line":17,"column":15}},"17":{"start":{"line":18,"column":0},"end":{"line":18,"column":25}},"18":{"start":{"line":19,"column":0},"end":{"line":19,"column":7}},"19":{"start":{"line":20,"column":0},"end":{"line":20,"column":5}},"20":{"start":{"line":21,"column":0},"end":{"line":21,"column":4}},"21":{"start":{"line":22,"column":0},"end":{"line":22,"column":0}},"22":{"start":{"line":23,"column":0},"end":{"line":23,"column":19}},"23":{"start":{"line":24,"column":0},"end":{"line":24,"column":67}},"24":{"start":{"line":25,"column":0},"end":{"line":25,"column":20}},"25":{"start":{"line":26,"column":0},"end":{"line":26,"column":0}},"26":{"start":{"line":27,"column":0},"end":{"line":27,"column":28}},"27":{"start":{"line":28,"column":0},"end":{"line":28,"column":63}},"28":{"start":{"line":29,"column":0},"end":{"line":29,"column":17}},"29":{"start":{"line":30,"column":0},"end":{"line":30,"column":4}},"30":{"start":{"line":31,"column":0},"end":{"line":31,"column":51}},"31":{"start":{"line":32,"column":0},"end":{"line":32,"column":0}},"32":{"start":{"line":33,"column":0},"end":{"line":33,"column":33}},"33":{"start":{"line":34,"column":0},"end":{"line":34,"column":27}},"34":{"start":{"line":35,"column":0},"end":{"line":35,"column":20}},"35":{"start":{"line":36,"column":0},"end":{"line":36,"column":61}},"36":{"start":{"line":37,"column":0},"end":{"line":37,"column":23}},"37":{"start":{"line":38,"column":0},"end":{"line":38,"column":60}},"38":{"start":{"line":39,"column":0},"end":{"line":39,"column":14}},"39":{"start":{"line":40,"column":0},"end":{"line":40,"column":27}},"40":{"start":{"line":41,"column":0},"end":{"line":41,"column":5}},"41":{"start":{"line":42,"column":0},"end":{"line":42,"column":34}},"42":{"start":{"line":43,"column":0},"end":{"line":43,"column":0}},"43":{"start":{"line":44,"column":0},"end":{"line":44,"column":10}},"44":{"start":{"line":45,"column":0},"end":{"line":45,"column":10}},"45":{"start":{"line":46,"column":0},"end":{"line":46,"column":12}},"46":{"start":{"line":47,"column":0},"end":{"line":47,"column":14}},"47":{"start":{"line":48,"column":0},"end":{"line":48,"column":14}},"48":{"start":{"line":49,"column":0},"end":{"line":49,"column":29}},"49":{"start":{"line":50,"column":0},"end":{"line":50,"column":40}},"50":{"start":{"line":51,"column":0},"end":{"line":51,"column":32}},"51":{"start":{"line":52,"column":0},"end":{"line":52,"column":26}},"52":{"start":{"line":53,"column":0},"end":{"line":53,"column":32}},"53":{"start":{"line":54,"column":0},"end":{"line":54,"column":28}},"54":{"start":{"line":55,"column":0},"end":{"line":55,"column":25}},"55":{"start":{"line":56,"column":0},"end":{"line":56,"column":8}},"56":{"start":{"line":57,"column":0},"end":{"line":57,"column":38}},"57":{"start":{"line":58,"column":0},"end":{"line":58,"column":6}},"58":{"start":{"line":59,"column":0},"end":{"line":59,"column":61}},"59":{"start":{"line":60,"column":0},"end":{"line":60,"column":61}},"60":{"start":{"line":61,"column":0},"end":{"line":61,"column":79}},"61":{"start":{"line":62,"column":0},"end":{"line":62,"column":38}},"62":{"start":{"line":63,"column":0},"end":{"line":63,"column":49}},"63":{"start":{"line":64,"column":0},"end":{"line":64,"column":63}},"64":{"start":{"line":65,"column":0},"end":{"line":65,"column":75}},"65":{"start":{"line":66,"column":0},"end":{"line":66,"column":4}},"66":{"start":{"line":67,"column":0},"end":{"line":67,"column":1}}},"s":{"0":1,"1":1,"2":1,"3":1,"4":1,"5":1,"6":3,"7":3,"8":3,"9":3,"10":3,"11":2,"12":2,"13":2,"14":2,"15":2,"16":2,"17":0,"18":0,"19":2,"20":3,"21":3,"22":3,"23":3,"24":3,"25":3,"26":3,"27":3,"28":3,"29":3,"30":3,"31":3,"32":3,"33":3,"34":3,"35":0,"36":3,"37":0,"38":3,"39":3,"40":3,"41":3,"42":3,"43":3,"44":3,"45":3,"46":3,"47":3,"48":3,"49":1,"50":1,"51":1,"52":1,"53":1,"54":1,"55":1,"56":1,"57":3,"58":3,"59":3,"60":3,"61":3,"62":3,"63":3,"64":3,"65":3,"66":3},"branchMap":{"0":{"type":"branch","line":7,"loc":{"start":{"line":7,"column":0},"end":{"line":67,"column":1}},"locations":[{"start":{"line":7,"column":0},"end":{"line":67,"column":1}}]},"1":{"type":"branch","line":11,"loc":{"start":{"line":11,"column":4},"end":{"line":20,"column":5}},"locations":[{"start":{"line":11,"column":4},"end":{"line":20,"column":5}}]},"2":{"type":"branch","line":15,"loc":{"start":{"line":15,"column":10},"end":{"line":15,"column":62}},"locations":[{"start":{"line":15,"column":10},"end":{"line":15,"column":62}}]},"3":{"type":"branch","line":16,"loc":{"start":{"line":16,"column":10},"end":{"line":16,"column":21}},"locations":[{"start":{"line":16,"column":10},"end":{"line":16,"column":21}}]},"4":{"type":"branch","line":17,"loc":{"start":{"line":17,"column":8},"end":{"line":19,"column":7}},"locations":[{"start":{"line":17,"column":8},"end":{"line":19,"column":7}}]},"5":{"type":"branch","line":23,"loc":{"start":{"line":23,"column":12},"end":{"line":25,"column":3}},"locations":[{"start":{"line":23,"column":12},"end":{"line":25,"column":3}}]},"6":{"type":"branch","line":28,"loc":{"start":{"line":28,"column":4},"end":{"line":28,"column":62}},"locations":[{"start":{"line":28,"column":4},"end":{"line":28,"column":62}}]},"7":{"type":"branch","line":28,"loc":{"start":{"line":28,"column":29},"end":{"line":28,"column":54}},"locations":[{"start":{"line":28,"column":29},"end":{"line":28,"column":54}}]},"8":{"type":"branch","line":33,"loc":{"start":{"line":33,"column":26},"end":{"line":42,"column":3}},"locations":[{"start":{"line":33,"column":26},"end":{"line":42,"column":3}}]},"9":{"type":"branch","line":35,"loc":{"start":{"line":35,"column":6},"end":{"line":36,"column":61}},"locations":[{"start":{"line":35,"column":6},"end":{"line":36,"column":61}}]},"10":{"type":"branch","line":37,"loc":{"start":{"line":37,"column":6},"end":{"line":38,"column":60}},"locations":[{"start":{"line":37,"column":6},"end":{"line":38,"column":60}}]},"11":{"type":"branch","line":49,"loc":{"start":{"line":49,"column":9},"end":{"line":58,"column":5}},"locations":[{"start":{"line":49,"column":9},"end":{"line":58,"column":5}}]},"12":{"type":"branch","line":51,"loc":{"start":{"line":51,"column":25},"end":{"line":51,"column":32}},"locations":[{"start":{"line":51,"column":25},"end":{"line":51,"column":32}}]}},"b":{"0":[3],"1":[2],"2":[1],"3":[1],"4":[0],"5":[3],"6":[3],"7":[2],"8":[3],"9":[0],"10":[0],"11":[1],"12":[0]},"fnMap":{"0":{"name":"useTodos","decl":{"start":{"line":7,"column":0},"end":{"line":67,"column":1}},"loc":{"start":{"line":7,"column":0},"end":{"line":67,"column":1}},"line":7},"1":{"name":"add","decl":{"start":{"line":49,"column":9},"end":{"line":58,"column":5}},"loc":{"start":{"line":49,"column":9},"end":{"line":58,"column":5}},"line":49},"2":{"name":"toggle","decl":{"start":{"line":59,"column":12},"end":{"line":59,"column":60}},"loc":{"start":{"line":59,"column":12},"end":{"line":59,"column":60}},"line":59},"3":{"name":"remove","decl":{"start":{"line":60,"column":12},"end":{"line":60,"column":60}},"loc":{"start":{"line":60,"column":12},"end":{"line":60,"column":60}},"line":60},"4":{"name":"edit","decl":{"start":{"line":61,"column":10},"end":{"line":61,"column":78}},"loc":{"start":{"line":61,"column":10},"end":{"line":61,"column":78}},"line":61},"5":{"name":"toggleAll","decl":{"start":{"line":62,"column":15},"end":{"line":63,"column":48}},"loc":{"start":{"line":62,"column":15},"end":{"line":63,"column":48}},"line":62},"6":{"name":"clearCompleted","decl":{"start":{"line":64,"column":20},"end":{"line":64,"column":62}},"loc":{"start":{"line":64,"column":20},"end":{"line":64,"column":62}},"line":64},"7":{"name":"setFilter","decl":{"start":{"line":65,"column":15},"end":{"line":65,"column":74}},"loc":{"start":{"line":65,"column":15},"end":{"line":65,"column":74}},"line":65}},"f":{"0":3,"1":1,"2":0,"3":0,"4":0,"5":0,"6":0,"7":0}}
}
