TN:
SF:src\hooks\todosReducer.ts
FN:16,reducer
FNF:1
FNH:1
FNDA:13,reducer
DA:1,1
DA:2,1
DA:3,1
DA:4,1
DA:5,1
DA:6,1
DA:7,1
DA:8,1
DA:9,1
DA:10,1
DA:11,1
DA:12,1
DA:13,1
DA:14,1
DA:15,1
DA:16,13
DA:17,13
DA:18,13
DA:19,7
DA:20,13
DA:21,1
DA:22,1
DA:23,1
DA:24,2
DA:25,1
DA:26,13
DA:27,13
DA:28,1
DA:29,13
DA:30,1
DA:31,1
DA:32,1
DA:33,1
DA:34,1
DA:35,1
DA:36,1
DA:37,1
DA:38,1
DA:39,0
DA:40,0
DA:41,1
DA:42,1
DA:43,13
DA:44,1
DA:45,1
DA:46,1
DA:47,2
DA:48,2
DA:49,1
DA:50,13
DA:51,13
DA:52,1
DA:53,13
DA:54,1
DA:55,13
DA:56,0
DA:57,13
DA:58,13
LF:58
LH:55
BRDA:16,0,0,13
BRDA:18,1,0,7
BRDA:20,2,0,1
BRDA:27,3,0,1
BRDA:29,4,0,1
BRDA:38,5,0,0
BRDA:43,6,0,1
BRDA:51,7,0,1
BRDA:53,8,0,1
BRDA:55,9,0,0
BRDA:23,10,0,2
BRDA:24,11,0,1
BRDA:24,12,0,1
BRDA:28,13,0,2
BRDA:34,14,0,1
BRDA:35,15,0,0
BRDA:46,16,0,2
BRDA:52,17,0,2
BRF:18
BRH:15
end_of_record
TN:
SF:src\hooks\useTodos.ts
FN:7,useTodos
FN:49,add
FN:59,toggle
FN:60,remove
FN:61,edit
FN:62,toggleAll
FN:64,clearCompleted
FN:65,setFilter
FNF:8
FNH:2
FNDA:3,useTodos
FNDA:1,add
FNDA:0,toggle
FNDA:0,remove
FNDA:0,edit
FNDA:0,toggleAll
FNDA:0,clearCompleted
FNDA:0,setFilter
DA:1,1
DA:2,1
DA:3,1
DA:4,1
DA:5,1
DA:6,1
DA:7,3
DA:8,3
DA:9,3
DA:10,3
DA:11,3
DA:12,2
DA:13,2
DA:14,2
DA:15,2
DA:16,2
DA:17,2
DA:18,0
DA:19,0
DA:20,2
DA:21,3
DA:22,3
DA:23,3
DA:24,3
DA:25,3
DA:26,3
DA:27,3
DA:28,3
DA:29,3
DA:30,3
DA:31,3
DA:32,3
DA:33,3
DA:34,3
DA:35,3
DA:36,0
DA:37,3
DA:38,0
DA:39,3
DA:40,3
DA:41,3
DA:42,3
DA:43,3
DA:44,3
DA:45,3
DA:46,3
DA:47,3
DA:48,3
DA:49,3
DA:50,1
DA:51,1
DA:52,1
DA:53,1
DA:54,1
DA:55,1
DA:56,1
DA:57,1
DA:58,3
DA:59,3
DA:60,3
DA:61,3
DA:62,3
DA:63,3
DA:64,3
DA:65,3
DA:66,3
DA:67,3
LF:67
LH:63
BRDA:7,0,0,3
BRDA:11,1,0,2
BRDA:15,2,0,1
BRDA:16,3,0,1
BRDA:17,4,0,0
BRDA:23,5,0,3
BRDA:28,6,0,3
BRDA:28,7,0,2
BRDA:33,8,0,3
BRDA:35,9,0,0
BRDA:37,10,0,0
BRDA:49,11,0,1
BRDA:51,12,0,0
BRF:13
BRH:9
end_of_record
